{
  "taskId": "oa-090e97",
  "taskTitle": "Document HUD event mapping for Golden Loop phases and add tests",
  "subtasks": [
    {
      "id": "oa-090e97-sub-001",
      "description": "Implement: Document HUD event mapping for Golden Loop phases and add tests\n\nExpand docs to show how orchestrator events map to HUD messages, including phase transitions, tool calls, and log streaming. Add a small test harness/fixture to assert HUD receives expected messages during a sample loop.",
      "status": "done",
      "startedAt": "2025-12-03T17:12:54.411Z",
      "claudeCode": {
        "sessionId": "94435eef-5c04-48b5-a1fe-f12d8fb6c8d0",
        "resumeStrategy": "continue",
        "forkedFromSessionId": "227f3969-5d47-456b-9fc6-98fe0a877fd3"
      },
      "failureCount": 1,
      "lastFailureReason": "Verification failed (typecheck/tests): src/hud/emit.test.ts(64,28): error TS2739: Type '{ id: string; title: string; description: string; status: \"in_progress\"; priority: number; type: \"task\"; createdAt: string; updatedAt: string; }' is missing the following properties from type '{ readonly id: string; readonly title: string; readonly description: string; readonly status: \"in_progress\" | \"open\" | \"blocked\" | \"closed\"; readonly priority: number; readonly type: \"task\" | \"bug\" | \"feature\" | \"epic\" | \"chore\"; ... 12 more ...; readonly estimatedMinutes?: number | ... 1 more ... | undefined; }': labels, deps, commits src/hud/emit.test.ts(105,27): error TS2739: Type '{ status: \"closed\"; id: string; title: string; description: string; priority: number; type: \"task\"; createdAt: string; updatedAt: string; }' is missing the following properties from type '{ readonly id: string; readonly title: string; readonly description: string; readonly status: \"in_progress\" | \"open\" | \"blocked\" | \"closed\"; readonly priority: number; readonly type: \"task\" | \"bug\" | \"feature\" | \"epic\" | \"chore\"; ... 12 more ...; readonly estimatedMinutes?: number | ... 1 more ... | undefined; }': labels, deps, commits src/hud/emit.test.ts(176,65): error TS2739: Type '{ id: string; title: string; description: string; status: \"in_progress\"; priority: number; type: \"task\"; createdAt: string; updatedAt: string; }' is missing the following properties from type '{ readonly id: string; readonly title: string; readonly description: string; readonly status: \"in_progress\" | \"open\" | \"blocked\" | \"closed\"; readonly priority: number; readonly type: \"task\" | \"bug\" | \"feature\" | \"epic\" | \"chore\"; ... 12 more ...; readonly estimatedMinutes?: number | ... 1 more ... | undefined; }': labels, deps, commits",
      "completedAt": "2025-12-03T17:14:24.568Z"
    },
    {
      "id": "oa-090e97-sub-002",
      "description": "Document: Document HUD event mapping for Golden Loop phases and add tests\n\nAdd appropriate documentation/comments.",
      "status": "done",
      "startedAt": "2025-12-03T17:14:24.568Z",
      "claudeCode": {
        "sessionId": "d0ebfce9-5896-42c7-87dc-5ad8899c5bbc"
      },
      "completedAt": "2025-12-03T17:17:43.527Z"
    }
  ],
  "createdAt": "2025-12-03T16:46:23.618Z",
  "updatedAt": "2025-12-03T16:46:23.618Z"
}